c:\users\asus\documents\visual studio 2013\projects\spk_1_serialcomfixxx\spk_1_serialcom\spk_1_serialcom\debug\spk_1_serialcom.pch
c:\users\asus\documents\visual studio 2013\projects\spk_1_serialcomfixxx\spk_1_serialcom\spk_1_serialcom\debug\vc120.pdb
c:\users\asus\documents\visual studio 2013\projects\spk_1_serialcomfixxx\spk_1_serialcom\spk_1_serialcom\debug\vc120.idb
c:\users\asus\documents\visual studio 2013\projects\spk_1_serialcomfixxx\spk_1_serialcom\spk_1_serialcom\debug\stdafx.obj
c:\users\asus\documents\visual studio 2013\projects\spk_1_serialcomfixxx\spk_1_serialcom\spk_1_serialcom\debug\dlgproxy.obj
c:\users\asus\documents\visual studio 2013\projects\spk_1_serialcomfixxx\spk_1_serialcom\spk_1_serialcom\debug\mscomm1.obj
c:\users\asus\documents\visual studio 2013\projects\spk_1_serialcomfixxx\spk_1_serialcom\spk_1_serialcom\debug\spk_1_serialcom.obj
c:\users\asus\documents\visual studio 2013\projects\spk_1_serialcomfixxx\spk_1_serialcom\spk_1_serialcom\debug\spk_1_serialcomdlg.obj
c:\users\asus\documents\visual studio 2013\projects\spk_1_serialcomfixxx\spk_1_serialcom\spk_1_serialcom\debug\tchart1.obj
c:\users\asus\documents\visual studio 2013\projects\spk_1_serialcomfixxx\spk_1_serialcom\debug\spk_1_serialcom.ilk
c:\users\asus\documents\visual studio 2013\projects\spk_1_serialcomfixxx\spk_1_serialcom\debug\spk_1_serialcom.exe
c:\users\asus\documents\visual studio 2013\projects\spk_1_serialcomfixxx\spk_1_serialcom\debug\spk_1_serialcom.pdb
c:\users\asus\documents\visual studio 2013\projects\spk_1_serialcomfixxx\spk_1_serialcom\spk_1_serialcom\debug\spk_1_serialcom.tlb
c:\users\asus\documents\visual studio 2013\projects\spk_1_serialcomfixxx\spk_1_serialcom\spk_1_serialcom\spk_1_serialcom_i.c
c:\users\asus\documents\visual studio 2013\projects\spk_1_serialcomfixxx\spk_1_serialcom\spk_1_serialcom\spk_1_serialcom_h.h
c:\users\asus\documents\visual studio 2013\projects\spk_1_serialcomfixxx\spk_1_serialcom\spk_1_serialcom\debug\spk_1_serialcom.res
c:\users\asus\documents\visual studio 2013\projects\spk_1_serialcomfixxx\spk_1_serialcom\spk_1_serialcom\debug\mscomm32.tli
c:\users\asus\documents\visual studio 2013\projects\spk_1_serialcomfixxx\spk_1_serialcom\spk_1_serialcom\debug\teechart.tli
c:\users\asus\documents\visual studio 2013\projects\spk_1_serialcomfixxx\spk_1_serialcom\spk_1_serialcom\debug\mscomm32.tlh
c:\users\asus\documents\visual studio 2013\projects\spk_1_serialcomfixxx\spk_1_serialcom\spk_1_serialcom\debug\teechart.tlh
c:\users\asus\documents\visual studio 2013\projects\spk_1_serialcomfixxx\spk_1_serialcom\spk_1_serialcom\debug\spk_1_serialcom.tlog\cl.command.1.tlog
c:\users\asus\documents\visual studio 2013\projects\spk_1_serialcomfixxx\spk_1_serialcom\spk_1_serialcom\debug\spk_1_serialcom.tlog\cl.read.1.tlog
c:\users\asus\documents\visual studio 2013\projects\spk_1_serialcomfixxx\spk_1_serialcom\spk_1_serialcom\debug\spk_1_serialcom.tlog\cl.write.1.tlog
c:\users\asus\documents\visual studio 2013\projects\spk_1_serialcomfixxx\spk_1_serialcom\spk_1_serialcom\debug\spk_1_serialcom.tlog\link.command.1.tlog
c:\users\asus\documents\visual studio 2013\projects\spk_1_serialcomfixxx\spk_1_serialcom\spk_1_serialcom\debug\spk_1_serialcom.tlog\link.read.1.tlog
c:\users\asus\documents\visual studio 2013\projects\spk_1_serialcomfixxx\spk_1_serialcom\spk_1_serialcom\debug\spk_1_serialcom.tlog\link.write.1.tlog
c:\users\asus\documents\visual studio 2013\projects\spk_1_serialcomfixxx\spk_1_serialcom\spk_1_serialcom\debug\spk_1_serialcom.tlog\midl.command.1.tlog
c:\users\asus\documents\visual studio 2013\projects\spk_1_serialcomfixxx\spk_1_serialcom\spk_1_serialcom\debug\spk_1_serialcom.tlog\midl.read.1.tlog
c:\users\asus\documents\visual studio 2013\projects\spk_1_serialcomfixxx\spk_1_serialcom\spk_1_serialcom\debug\spk_1_serialcom.tlog\midl.write.1.tlog
c:\users\asus\documents\visual studio 2013\projects\spk_1_serialcomfixxx\spk_1_serialcom\spk_1_serialcom\debug\spk_1_serialcom.tlog\rc.command.1.tlog
c:\users\asus\documents\visual studio 2013\projects\spk_1_serialcomfixxx\spk_1_serialcom\spk_1_serialcom\debug\spk_1_serialcom.tlog\rc.read.1.tlog
c:\users\asus\documents\visual studio 2013\projects\spk_1_serialcomfixxx\spk_1_serialcom\spk_1_serialcom\debug\spk_1_serialcom.tlog\rc.write.1.tlog
